[ 2017-03-26T23:43:37+08:00 ] 0.0.0.0 127.0.0.1 GET /
[ log ] localhost:8181/ [运行时间：0.034710s][吞吐率：28.81req/s] [内存消耗：1,570.74kb] [文件加载：29]
[ info ] [ LANG ] /home/work/temp/tp5/thinkphp/lang/zh-cn.php
[ info ] [ ROUTE ] array (
  'type' => 'module',
  'module' => 
  array (
    0 => '',
    1 => NULL,
    2 => NULL,
  ),
)
[ info ] [ HEADER ] array (
  'user-agent' => 'Wget/1.14 (linux-gnu)',
  'accept' => '*/*',
  'host' => 'localhost:8181',
  'connection' => 'Keep-Alive',
)
[ info ] [ PARAM ] array (
)
[ info ] [ RUN ] app\index\controller\Index->index[ /home/work/temp/tp5/application/index/controller/Index.php ]
[ info ] [ LOG ] INIT File

---------------------------------------------------------------
